<?xml version="1.0" encoding="UTF-8"?>
<!-- Generated by org.testng.reporters.JUnitXMLReporter -->
<testsuite ignored="0" hostname="FRP03379" failures="1" tests="11" name="Command line test" time="90.937" errors="0" timestamp="13 déc. 2022 13:56:05 GMT">
  <testcase classname="OneTestOneclass.TestClass01" name="montest1" time="17.938"/>
  <testcase classname="OneTestOneclass.TestClass02" name="montest2" time="1.771"/>
  <testcase classname="OneTestOneclass.TestClass03" name="montest3" time="0.259"/>
  <testcase classname="Testclassscommune.TestvcCom1" name="montest1" time="11.318"/>
  <testcase classname="Testclassscommune.TestvcCom2" name="montest2" time="1.784"/>
  <testcase classname="Testclassscommune.TestvcCom3" name="montest3" time="0.361"/>
  <testcase classname="Testclassscommune.TestvcCom4" name="montest4" time="0.394"/>
  <testcase classname="Testclassscommune.TestvcCom5" name="montest5" time="1.124">
    <failure type="org.openqa.selenium.ElementClickInterceptedException" message="element click intercepted: Element &amp;lt;li class=&amp;quot;mega-menu-item mega-menu-item-type-post_type mega-menu-item-object-page mega-menu-item-has-children mega-menu-megamenu mega-align-bottom-left mega-menu-grid mega-menu-item-124348&amp;quot; id=&amp;quot;mega-menu-item-124348&amp;quot;&amp;gt;...&amp;lt;/li&amp;gt; is not clickable at point (598, 34). Other element would receive the click: &amp;lt;div class=&amp;quot;paoc-padding-20 paoc-popup-con-bg&amp;quot;&amp;gt;...&amp;lt;/div&amp;gt;
  (Session info: MicrosoftEdge=108.0.1462.46)
Build info: version: &amp;apos;3.141.59&amp;apos;, revision: &amp;apos;e82be7d358&amp;apos;, time: &amp;apos;2018-11-14T08:17:03&amp;apos;
System info: host: &amp;apos;FRP03379&amp;apos;, ip: &amp;apos;192.168.3.59&amp;apos;, os.name: &amp;apos;Windows 10&amp;apos;, os.arch: &amp;apos;amd64&amp;apos;, os.version: &amp;apos;10.0&amp;apos;, java.version: &amp;apos;11.0.17&amp;apos;
Driver info: org.openqa.selenium.edge.EdgeDriver
Capabilities {acceptInsecureCerts: false, browserName: msedge, browserVersion: 108.0.1462.46, javascriptEnabled: true, ms:edgeOptions: {debuggerAddress: localhost:49677}, msedge: {msedgedriverVersion: 108.0.1462.46 (d29728ee6817..., userDataDir: C:\Users\FORMAT~1\AppData\L...}, networkConnectionEnabled: false, pageLoadStrategy: normal, platform: WINDOWS, platformName: WINDOWS, proxy: Proxy(), setWindowRect: true, strictFileInteractability: false, timeouts: {implicit: 0, pageLoad: 300000, script: 30000}, unhandledPromptBehavior: dismiss and notify, webauthn:extension:credBlob: true, webauthn:extension:largeBlob: true, webauthn:virtualAuthenticators: true}
Session ID: ae258cfa6000e4515099cd9d4c445882">
      <![CDATA[org.openqa.selenium.ElementClickInterceptedException: element click intercepted: Element <li class="mega-menu-item mega-menu-item-type-post_type mega-menu-item-object-page mega-menu-item-has-children mega-menu-megamenu mega-align-bottom-left mega-menu-grid mega-menu-item-124348" id="mega-menu-item-124348">...</li> is not clickable at point (598, 34). Other element would receive the click: <div class="paoc-padding-20 paoc-popup-con-bg">...</div>
  (Session info: MicrosoftEdge=108.0.1462.46)
Build info: version: '3.141.59', revision: 'e82be7d358', time: '2018-11-14T08:17:03'
System info: host: 'FRP03379', ip: '192.168.3.59', os.name: 'Windows 10', os.arch: 'amd64', os.version: '10.0', java.version: '11.0.17'
Driver info: org.openqa.selenium.edge.EdgeDriver
Capabilities {acceptInsecureCerts: false, browserName: msedge, browserVersion: 108.0.1462.46, javascriptEnabled: true, ms:edgeOptions: {debuggerAddress: localhost:49677}, msedge: {msedgedriverVersion: 108.0.1462.46 (d29728ee6817..., userDataDir: C:\Users\FORMAT~1\AppData\L...}, networkConnectionEnabled: false, pageLoadStrategy: normal, platform: WINDOWS, platformName: WINDOWS, proxy: Proxy(), setWindowRect: true, strictFileInteractability: false, timeouts: {implicit: 0, pageLoad: 300000, script: 30000}, unhandledPromptBehavior: dismiss and notify, webauthn:extension:credBlob: true, webauthn:extension:largeBlob: true, webauthn:virtualAuthenticators: true}
Session ID: ae258cfa6000e4515099cd9d4c445882
at org.openqa.selenium.remote.http.W3CHttpResponseCodec.createException(W3CHttpResponseCodec.java:187)
at org.openqa.selenium.remote.http.W3CHttpResponseCodec.decode(W3CHttpResponseCodec.java:122)
at org.openqa.selenium.remote.http.W3CHttpResponseCodec.decode(W3CHttpResponseCodec.java:49)
at org.openqa.selenium.remote.HttpCommandExecutor.execute(HttpCommandExecutor.java:158)
at org.openqa.selenium.remote.service.DriverCommandExecutor.execute(DriverCommandExecutor.java:83)
at org.openqa.selenium.remote.RemoteWebDriver.execute(RemoteWebDriver.java:552)
at org.openqa.selenium.remote.RemoteWebElement.execute(RemoteWebElement.java:285)
at org.openqa.selenium.remote.RemoteWebElement.click(RemoteWebElement.java:84)
at Testclassscommune.TestvcCom5.montest5(TestvcCom5.java:23)
... Removed 39 stack frames]]>
    </failure>
  </testcase> <!-- montest5 -->
  <testcase classname="TestSelenium.Test01" name="montest1" time="17.365"/>
  <testcase classname="TestSelenium.Test01" name="montest2" time="1.672"/>
  <testcase classname="TestSelenium.Test01" name="montest3" time="0.213"/>
</testsuite> <!-- Command line test -->
