<?xml version="1.0" encoding="UTF-8"?>
<testng-results ignored="0" total="1" passed="1" failed="0" skipped="0">
  <reporter-output>
  </reporter-output>
  <suite started-at="2022-12-13T14:43:45Z" name="All Test Suite" finished-at="2022-12-13T14:44:05Z" duration-ms="19833">
    <groups>
    </groups>
    <test started-at="2022-12-13T14:43:45Z" name="C:/Dev/FirstProjectSelenium/src/test/java/OneTestOneclass/TestClass01.java" finished-at="2022-12-13T14:44:05Z" duration-ms="19833">
      <class name="OneTestOneclass.TestClass01">
        <test-method is-config="true" signature="Beforetest()[pri:0, instance:OneTestOneclass.TestClass01@367ffa75]" started-at="2022-12-13T14:43:45Z" name="Beforetest" finished-at="2022-12-13T14:43:48Z" duration-ms="2743" status="PASS">
          <reporter-output>
          </reporter-output>
        </test-method> <!-- Beforetest -->
        <test-method signature="montest1()[pri:0, instance:OneTestOneclass.TestClass01@367ffa75]" started-at="2022-12-13T14:43:48Z" name="montest1" finished-at="2022-12-13T14:44:05Z" duration-ms="16925" status="PASS">
          <reporter-output>
          </reporter-output>
        </test-method> <!-- montest1 -->
        <test-method is-config="true" signature="monAfter()[pri:0, instance:OneTestOneclass.TestClass01@367ffa75]" started-at="2022-12-13T14:44:05Z" name="monAfter" finished-at="2022-12-13T14:44:05Z" duration-ms="147" status="PASS">
          <reporter-output>
          </reporter-output>
        </test-method> <!-- monAfter -->
      </class> <!-- OneTestOneclass.TestClass01 -->
    </test> <!-- C:/Dev/FirstProjectSelenium/src/test/java/OneTestOneclass/TestClass01.java -->
  </suite> <!-- All Test Suite -->
</testng-results>
