<?xml version="1.0" encoding="UTF-8"?>
<!-- Generated by org.testng.reporters.JUnitReportReporter -->
<testsuite hostname="FRP03379" failures="0" tests="3" name="TestSelenium.Test01" time="27.100" errors="0" timestamp="13 déc. 2022 13:56:05 GMT" skipped="0">
  <testcase classname="TestSelenium.Test01" name="montest1" time="20.074"/>
  <testcase classname="TestSelenium.Test01" name="montest2" time="4.231"/>
  <testcase classname="TestSelenium.Test01" name="montest3" time="2.795"/>
</testsuite> <!-- TestSelenium.Test01 -->
